0 info it worked if it ends with ok
1 verbose cli [ '/Users/michaelcollins/.nvm/versions/node/v5.0.0/bin/node',
1 verbose cli   '/Users/michaelcollins/.nvm/versions/node/v5.0.0/bin/npm',
1 verbose cli   'run',
1 verbose cli   'server' ]
2 info using npm@3.3.6
3 info using node@v5.0.0
4 verbose run-script [ 'preserver', 'server', 'postserver' ]
5 info lifecycle gnar-app@1.0.0~preserver: gnar-app@1.0.0
6 silly lifecycle gnar-app@1.0.0~preserver: no script for preserver, continuing
7 info lifecycle gnar-app@1.0.0~server: gnar-app@1.0.0
8 verbose lifecycle gnar-app@1.0.0~server: unsafe-perm in lifecycle true
9 verbose lifecycle gnar-app@1.0.0~server: PATH: /Users/michaelcollins/.nvm/versions/node/v5.0.0/lib/node_modules/npm/bin/node-gyp-bin:/Users/michaelcollins/Projects/The-app-of-GNAR/node_modules/.bin:/Users/michaelcollins/.rvm/gems/ruby-2.2.3/bin:/Users/michaelcollins/.rvm/gems/ruby-2.2.3@global/bin:/Users/michaelcollins/.rvm/rubies/ruby-2.2.3/bin:/Users/michaelcollins/.nvm/versions/node/v5.0.0/bin:/usr/local/bin:/usr/bin:/bin:/usr/sbin:/sbin:/Users/michaelcollins/.rvm/gems/ruby-2.2.3/bin:/Users/michaelcollins/.rvm/gems/ruby-2.2.3@global/bin:/Users/michaelcollins/.rvm/rubies/ruby-2.2.3/bin:/usr/local/bin:/usr/bin:/bin:/usr/sbin:/sbin:/Users/michaelcollins/.rvm/bin
10 verbose lifecycle gnar-app@1.0.0~server: CWD: /Users/michaelcollins/Projects/The-app-of-GNAR
11 silly lifecycle gnar-app@1.0.0~server: Args: [ '-c', 'http-server' ]
12 silly lifecycle gnar-app@1.0.0~server: Returned: code: 1  signal: null
13 info lifecycle gnar-app@1.0.0~server: Failed to exec server script
14 verbose stack Error: gnar-app@1.0.0 server: `http-server`
14 verbose stack Exit status 1
14 verbose stack     at EventEmitter.<anonymous> (/Users/michaelcollins/.nvm/versions/node/v5.0.0/lib/node_modules/npm/lib/utils/lifecycle.js:233:16)
14 verbose stack     at emitTwo (events.js:87:13)
14 verbose stack     at EventEmitter.emit (events.js:172:7)
14 verbose stack     at ChildProcess.<anonymous> (/Users/michaelcollins/.nvm/versions/node/v5.0.0/lib/node_modules/npm/lib/utils/spawn.js:24:14)
14 verbose stack     at emitTwo (events.js:87:13)
14 verbose stack     at ChildProcess.emit (events.js:172:7)
14 verbose stack     at maybeClose (internal/child_process.js:818:16)
14 verbose stack     at Process.ChildProcess._handle.onexit (internal/child_process.js:211:5)
15 verbose pkgid gnar-app@1.0.0
16 verbose cwd /Users/michaelcollins/Projects/The-app-of-GNAR
17 error Darwin 15.2.0
18 error argv "/Users/michaelcollins/.nvm/versions/node/v5.0.0/bin/node" "/Users/michaelcollins/.nvm/versions/node/v5.0.0/bin/npm" "run" "server"
19 error node v5.0.0
20 error npm  v3.3.6
21 error code ELIFECYCLE
22 error gnar-app@1.0.0 server: `http-server`
22 error Exit status 1
23 error Failed at the gnar-app@1.0.0 server script 'http-server'.
23 error This is most likely a problem with the gnar-app package,
23 error not with npm itself.
23 error Tell the author that this fails on your system:
23 error     http-server
23 error You can get their info via:
23 error     npm owner ls gnar-app
23 error There is likely additional logging output above.
24 verbose exit [ 1, true ]
